#
# A fatal error has been detected by the Java Runtime Environment:
#
#  EXCEPTION_ACCESS_VIOLATION (0xc0000005) at pc=0x00007fff36b43d63, pid=2456, tid=0x00000000000002a0
#
# JRE version: Java(TM) SE Runtime Environment (8.0_111-b14) (build 1.8.0_111-b14)
# Java VM: Java HotSpot(TM) 64-Bit Server VM (25.111-b14 mixed mode windows-amd64 compressed oops)
# Problematic frame:
# C  [opencv_core248.dll+0x53d63]
#
# Failed to write core dump. Minidumps are not enabled by default on client versions of Windows
#
# If you would like to submit a bug report, please visit:
#   http://bugreport.java.com/bugreport/crash.jsp
# The crash happened outside the Java Virtual Machine in native code.
# See problematic frame for where to report the bug.
#

---------------  T H R E A D  ---------------

Current thread (0x0000000016b44000):  JavaThread "AWT-EventQueue-0" [_thread_in_native, id=672, stack(0x0000000017a30000,0x0000000017b30000)]

siginfo: ExceptionCode=0xc0000005, reading address 0x0000000016661001

Registers:
RAX=0x000000000000270c, RBX=0x0000000000013880, RCX=0x0000000000000600, RDX=0x0000000016b99930
RSP=0x0000000017b2b680, RBP=0x0000000017b2b7d0, RSI=0x0000000017b2bbb0, RDI=0x0000000000002710
R8 =0x0000000000000600, R9 =0x0000000016660a03, R10=0x0000000017b2b700, R11=0x0000000016b96920
R12=0x0000000017b2ba90, R13=0x00007fff36b46120, R14=0x0000000000000000, R15=0x0000000000000006
RIP=0x00007fff36b43d63, EFLAGS=0x0000000000010293

Top of Stack: (sp=0x0000000017b2b680)
0x0000000017b2b680:   0000000000000001 00007fff36b46151
0x0000000017b2b690:   0000000000000006 00007fff36b46120
0x0000000017b2b6a0:   0000000017b2ba90 0000000000000001
0x0000000017b2b6b0:   0000000017b2b700 0000000000000006
0x0000000017b2b6c0:   0000000017b2b7d0 00007fff36b49d30
0x0000000017b2b6d0:   0000000000000006 0000000000000019
0x0000000017b2b6e0:   0000000016b96910 00000000000032be
0x0000000017b2b6f0:   0000000016b96920 0000000000013880
0x0000000017b2b700:   0000000000002710 0000000017b2b718
0x0000000017b2b710:   0000000100002710 3ff0000000000000
0x0000000017b2b720:   0000000000000000 00007fff601bef52
0x0000000017b2b730:   0000000016ddde90 fffffffffffffffe
0x0000000017b2b740:   0000000242ffc006 0000271000000001
0x0000000017b2b750:   0000000016b96920 0000000016c0bc20
0x0000000017b2b760:   0000000016b96920 0000000016c0bc20
0x0000000017b2b770:   0000000016c0bc20 0000000000000000 

Instructions: (pc=0x00007fff36b43d63)
0x00007fff36b43d43:   1c cd 00 00 00 00 4c 8d 49 03 0f 1f 00 41 ff 4a
0x00007fff36b43d53:   04 33 c9 45 33 c0 41 83 3a 04 78 65 49 8d 53 10
0x00007fff36b43d63:   43 0f b6 44 01 fe 83 c1 04 49 83 c0 04 48 83 c2
0x00007fff36b43d73:   20 66 0f 6e c8 43 0f b6 44 01 f9 f3 0f e6 c9 66 


Register to memory mapping:

RAX=0x000000000000270c is an unknown value
RBX=0x0000000000013880 is an unknown value
RCX=0x0000000000000600 is an unknown value
RDX=0x0000000016b99930 is an unknown value
RSP=0x0000000017b2b680 is pointing into the stack for thread: 0x0000000016b44000
RBP=0x0000000017b2b7d0 is pointing into the stack for thread: 0x0000000016b44000
RSI=0x0000000017b2bbb0 is pointing into the stack for thread: 0x0000000016b44000
RDI=0x0000000000002710 is an unknown value
R8 =0x0000000000000600 is an unknown value
R9 =0x0000000016660a03 is an unknown value
R10=0x0000000017b2b700 is pointing into the stack for thread: 0x0000000016b44000
R11=0x0000000016b96920 is an unknown value
R12=0x0000000017b2ba90 is pointing into the stack for thread: 0x0000000016b44000
R13=0x00007fff36b46120 is an unknown value
R14=0x0000000000000000 is an unknown value
R15=0x0000000000000006 is an unknown value


Stack: [0x0000000017a30000,0x0000000017b30000],  sp=0x0000000017b2b680,  free space=1005k
Native frames: (J=compiled Java code, j=interpreted, Vv=VM code, C=native code)
C  [opencv_core248.dll+0x53d63]
C  [opencv_core248.dll+0x56151]
C  [opencv_core248.dll+0x59d30]
C  [opencv_contrib248.dll+0x3a3db]
C  [opencv_contrib248.dll+0x41524]
C  [jniopencv_contrib.dll+0x132bf]
C  0x00000000025779b4

Java frames: (J=compiled Java code, j=interpreted, Vv=VM code)
j  com.googlecode.javacv.cpp.opencv_contrib$FaceRecognizer.train(Lcom/googlecode/javacv/cpp/opencv_core$MatVector;[I)V+0
j  demo.View.facerecognize()V+198
j  demo.View.jButton4ActionPerformed(Ljava/awt/event/ActionEvent;)V+1
j  demo.View.access$300(Ldemo/View;Ljava/awt/event/ActionEvent;)V+2
j  demo.View$4.actionPerformed(Ljava/awt/event/ActionEvent;)V+5
j  javax.swing.AbstractButton.fireActionPerformed(Ljava/awt/event/ActionEvent;)V+83
j  javax.swing.AbstractButton$Handler.actionPerformed(Ljava/awt/event/ActionEvent;)V+5
j  javax.swing.DefaultButtonModel.fireActionPerformed(Ljava/awt/event/ActionEvent;)V+34
j  javax.swing.DefaultButtonModel.setPressed(Z)V+117
j  javax.swing.plaf.basic.BasicButtonListener.mouseReleased(Ljava/awt/event/MouseEvent;)V+35
j  java.awt.Component.processMouseEvent(Ljava/awt/event/MouseEvent;)V+64
j  javax.swing.JComponent.processMouseEvent(Ljava/awt/event/MouseEvent;)V+23
j  java.awt.Component.processEvent(Ljava/awt/AWTEvent;)V+81
j  java.awt.Container.processEvent(Ljava/awt/AWTEvent;)V+18
j  java.awt.Component.dispatchEventImpl(Ljava/awt/AWTEvent;)V+589
j  java.awt.Container.dispatchEventImpl(Ljava/awt/AWTEvent;)V+42
j  java.awt.Component.dispatchEvent(Ljava/awt/AWTEvent;)V+2
j  java.awt.LightweightDispatcher.retargetMouseEvent(Ljava/awt/Component;ILjava/awt/event/MouseEvent;)V+327
j  java.awt.LightweightDispatcher.processMouseEvent(Ljava/awt/event/MouseEvent;)Z+155
j  java.awt.LightweightDispatcher.dispatchEvent(Ljava/awt/AWTEvent;)Z+50
j  java.awt.Container.dispatchEventImpl(Ljava/awt/AWTEvent;)V+12
j  java.awt.Window.dispatchEventImpl(Ljava/awt/AWTEvent;)V+19
j  java.awt.Component.dispatchEvent(Ljava/awt/AWTEvent;)V+2
j  java.awt.EventQueue.dispatchEventImpl(Ljava/awt/AWTEvent;Ljava/lang/Object;)V+41
j  java.awt.EventQueue.access$500(Ljava/awt/EventQueue;Ljava/awt/AWTEvent;Ljava/lang/Object;)V+3
j  java.awt.EventQueue$3.run()Ljava/lang/Void;+32
j  java.awt.EventQueue$3.run()Ljava/lang/Object;+1
v  ~StubRoutines::call_stub
J 677  java.security.AccessController.doPrivileged(Ljava/security/PrivilegedAction;Ljava/security/AccessControlContext;)Ljava/lang/Object; (0 bytes) @ 0x00000000027dfaa6 [0x00000000027dfa40+0x66]
J 680 C1 java.security.ProtectionDomain$JavaSecurityAccessImpl.doIntersectionPrivilege(Ljava/security/PrivilegedAction;Ljava/security/AccessControlContext;Ljava/security/AccessControlContext;)Ljava/lang/Object; (22 bytes) @ 0x00000000027e0eec [0x00000000027e0a80+0x46c]
j  java.security.ProtectionDomain$JavaSecurityAccessImpl.doIntersectionPrivilege(Ljava/security/PrivilegedAction;Ljava/security/AccessControlContext;)Ljava/lang/Object;+6
j  java.awt.EventQueue$4.run()Ljava/lang/Void;+11
j  java.awt.EventQueue$4.run()Ljava/lang/Object;+1
v  ~StubRoutines::call_stub
J 677  java.security.AccessController.doPrivileged(Ljava/security/PrivilegedAction;Ljava/security/AccessControlContext;)Ljava/lang/Object; (0 bytes) @ 0x00000000027dfaa6 [0x00000000027dfa40+0x66]
J 680 C1 java.security.ProtectionDomain$JavaSecurityAccessImpl.doIntersectionPrivilege(Ljava/security/PrivilegedAction;Ljava/security/AccessControlContext;Ljava/security/AccessControlContext;)Ljava/lang/Object; (22 bytes) @ 0x00000000027e0eec [0x00000000027e0a80+0x46c]
j  java.awt.EventQueue.dispatchEvent(Ljava/awt/AWTEvent;)V+73
j  java.awt.EventDispatchThread.pumpOneEventForFilters(I)V+245
j  java.awt.EventDispatchThread.pumpEventsForFilter(ILjava/awt/Conditional;Ljava/awt/EventFilter;)V+35
j  java.awt.EventDispatchThread.pumpEventsForHierarchy(ILjava/awt/Conditional;Ljava/awt/Component;)V+11
j  java.awt.EventDispatchThread.pumpEvents(ILjava/awt/Conditional;)V+4
j  java.awt.EventDispatchThread.pumpEvents(Ljava/awt/Conditional;)V+3
j  java.awt.EventDispatchThread.run()V+9
v  ~StubRoutines::call_stub

---------------  P R O C E S S  ---------------

Java Threads: ( => current thread )
  0x0000000000bbd800 JavaThread "DestroyJavaVM" [_thread_blocked, id=7132, stack(0x0000000002360000,0x0000000002460000)]
=>0x0000000016b44000 JavaThread "AWT-EventQueue-0" [_thread_in_native, id=672, stack(0x0000000017a30000,0x0000000017b30000)]
  0x0000000016ade800 JavaThread "AWT-Windows" daemon [_thread_in_native, id=7064, stack(0x0000000017480000,0x0000000017580000)]
  0x0000000016797800 JavaThread "AWT-Shutdown" [_thread_blocked, id=6924, stack(0x0000000017380000,0x0000000017480000)]
  0x0000000016797000 JavaThread "Java2D Disposer" daemon [_thread_blocked, id=3528, stack(0x0000000017280000,0x0000000017380000)]
  0x0000000014abd800 JavaThread "Service Thread" daemon [_thread_blocked, id=2728, stack(0x00000000167a0000,0x00000000168a0000)]
  0x0000000014a65000 JavaThread "C1 CompilerThread2" daemon [_thread_blocked, id=2472, stack(0x00000000162a0000,0x00000000163a0000)]
  0x0000000014a60800 JavaThread "C2 CompilerThread1" daemon [_thread_blocked, id=4384, stack(0x00000000161a0000,0x00000000162a0000)]
  0x0000000014a5d000 JavaThread "C2 CompilerThread0" daemon [_thread_blocked, id=5868, stack(0x00000000160a0000,0x00000000161a0000)]
  0x0000000014a5b800 JavaThread "Attach Listener" daemon [_thread_blocked, id=3952, stack(0x0000000015fa0000,0x00000000160a0000)]
  0x0000000014a5a800 JavaThread "Signal Dispatcher" daemon [_thread_blocked, id=4608, stack(0x0000000015ea0000,0x0000000015fa0000)]
  0x000000000255b800 JavaThread "Finalizer" daemon [_thread_blocked, id=4748, stack(0x0000000015cc0000,0x0000000015dc0000)]
  0x0000000014a29800 JavaThread "Reference Handler" daemon [_thread_blocked, id=6712, stack(0x0000000015bc0000,0x0000000015cc0000)]

Other Threads:
  0x0000000014a27800 VMThread [stack: 0x0000000015ac0000,0x0000000015bc0000] [id=5080]
  0x00000000163dd800 WatcherThread [stack: 0x00000000168a0000,0x00000000169a0000] [id=7080]

VM state:not at safepoint (normal execution)

VM Mutex/Monitor currently owned by a thread: None

Heap:
 PSYoungGen      total 18432K, used 3842K [0x00000000ebb80000, 0x00000000ed000000, 0x0000000100000000)
  eden space 15872K, 8% used [0x00000000ebb80000,0x00000000ebcc5360,0x00000000ecb00000)
  from space 2560K, 99% used [0x00000000ecb00000,0x00000000ecd7b700,0x00000000ecd80000)
  to   space 2560K, 0% used [0x00000000ecd80000,0x00000000ecd80000,0x00000000ed000000)
 ParOldGen       total 42496K, used 9516K [0x00000000c3200000, 0x00000000c5b80000, 0x00000000ebb80000)
  object space 42496K, 22% used [0x00000000c3200000,0x00000000c3b4b238,0x00000000c5b80000)
 Metaspace       used 13560K, capacity 13806K, committed 13952K, reserved 1060864K
  class space    used 1762K, capacity 1867K, committed 1920K, reserved 1048576K

Card table byte_map: [0x0000000011920000,0x0000000011b10000] byte_map_base: 0x0000000011307000

Marking Bits: (ParMarkBitMap*) 0x000000006e32a6c0
 Begin Bits: [0x0000000012060000, 0x0000000012f98000)
 End Bits:   [0x0000000012f98000, 0x0000000013ed0000)

Polling page: 0x00000000006c0000

CodeCache: size=245760Kb used=3530Kb max_used=3547Kb free=242229Kb
 bounds [0x0000000002560000, 0x00000000028e0000, 0x0000000011560000]
 total_blobs=1597 nmethods=993 adapters=518
 compilation: enabled

Compilation events (10 events):
Event: 6.141 Thread 0x0000000014a65000 nmethod 988 0x00000000028ce9d0 code [0x00000000028ceb40, 0x00000000028ced08]
Event: 6.169 Thread 0x0000000014a65000  990       3       java.util.HashMap::tableSizeFor (59 bytes)
Event: 6.169 Thread 0x0000000014a65000 nmethod 990 0x00000000028ced90 code [0x00000000028cef00, 0x00000000028cf110]
Event: 6.169 Thread 0x0000000014a65000  991       3       java.lang.Class::annotationData (44 bytes)
Event: 6.170 Thread 0x0000000014a65000 nmethod 991 0x00000000028cf190 code [0x00000000028cf320, 0x00000000028cf688]
Event: 6.170 Thread 0x0000000014a65000  992   !   3       com.sun.proxy.$Proxy2::value (29 bytes)
Event: 6.170 Thread 0x0000000014a65000 nmethod 992 0x00000000028cf7d0 code [0x00000000028cf960, 0x00000000028cfd38]
Event: 6.170 Thread 0x0000000014a65000  993   !   3       com.sun.proxy.$Proxy2::not (29 bytes)
Event: 6.171 Thread 0x0000000014a65000 nmethod 993 0x00000000028cff50 code [0x00000000028d00e0, 0x00000000028d04b8]
Event: 6.183 Thread 0x0000000014a60800 nmethod 989 0x00000000028d49d0 code [0x00000000028d4ce0, 0x00000000028d6370]

GC Heap History (2 events):
Event: 6.102 GC heap before
{Heap before GC invocations=1 (full 0):
 PSYoungGen      total 18432K, used 15872K [0x00000000ebb80000, 0x00000000ed000000, 0x0000000100000000)
  eden space 15872K, 100% used [0x00000000ebb80000,0x00000000ecb00000,0x00000000ecb00000)
  from space 2560K, 0% used [0x00000000ecd80000,0x00000000ecd80000,0x00000000ed000000)
  to   space 2560K, 0% used [0x00000000ecb00000,0x00000000ecb00000,0x00000000ecd80000)
 ParOldGen       total 42496K, used 0K [0x00000000c3200000, 0x00000000c5b80000, 0x00000000ebb80000)
  object space 42496K, 0% used [0x00000000c3200000,0x00000000c3200000,0x00000000c5b80000)
 Metaspace       used 13394K, capacity 13582K, committed 13696K, reserved 1060864K
  class space    used 1736K, capacity 1835K, committed 1920K, reserved 1048576K
Event: 6.115 GC heap after
Heap after GC invocations=1 (full 0):
 PSYoungGen      total 18432K, used 2541K [0x00000000ebb80000, 0x00000000ed000000, 0x0000000100000000)
  eden space 15872K, 0% used [0x00000000ebb80000,0x00000000ebb80000,0x00000000ecb00000)
  from space 2560K, 99% used [0x00000000ecb00000,0x00000000ecd7b700,0x00000000ecd80000)
  to   space 2560K, 0% used [0x00000000ecd80000,0x00000000ecd80000,0x00000000ed000000)
 ParOldGen       total 42496K, used 9516K [0x00000000c3200000, 0x00000000c5b80000, 0x00000000ebb80000)
  object space 42496K, 22% used [0x00000000c3200000,0x00000000c3b4b238,0x00000000c5b80000)
 Metaspace       used 13394K, capacity 13582K, committed 13696K, reserved 1060864K
  class space    used 1736K, capacity 1835K, committed 1920K, reserved 1048576K
}

Deoptimization events (7 events):
Event: 0.335 Thread 0x0000000000bbd800 Uncommon trap: reason=null_check action=make_not_entrant pc=0x00000000026d3478 method=java.lang.String.equals(Ljava/lang/Object;)Z @ 8
Event: 0.586 Thread 0x0000000016b44000 Uncommon trap: reason=unstable_if action=reinterpret pc=0x000000000276aeb8 method=java.util.HashMap.putVal(ILjava/lang/Object;Ljava/lang/Object;ZZ)Ljava/lang/Object; @ 109
Event: 0.587 Thread 0x0000000016b44000 Uncommon trap: reason=unstable_if action=reinterpret pc=0x000000000276fd54 method=java.util.HashMap.putVal(ILjava/lang/Object;Ljava/lang/Object;ZZ)Ljava/lang/Object; @ 109
Event: 0.631 Thread 0x0000000016b44000 Uncommon trap: reason=class_check action=maybe_recompile pc=0x00000000026f1da8 method=java.lang.String.equals(Ljava/lang/Object;)Z @ 8
Event: 0.635 Thread 0x0000000016b44000 Uncommon trap: reason=class_check action=maybe_recompile pc=0x00000000026f1da8 method=java.lang.String.equals(Ljava/lang/Object;)Z @ 8
Event: 0.682 Thread 0x0000000016b44000 Uncommon trap: reason=class_check action=maybe_recompile pc=0x00000000026f1da8 method=java.lang.String.equals(Ljava/lang/Object;)Z @ 8
Event: 0.682 Thread 0x0000000016b44000 Uncommon trap: reason=class_check action=maybe_recompile pc=0x00000000026f1da8 method=java.lang.String.equals(Ljava/lang/Object;)Z @ 8

Internal exceptions (10 events):
Event: 0.432 Thread 0x0000000000bbd800 Exception <a 'java/lang/ClassNotFoundException': ToolBar> (0x00000000ebf70240) thrown at [C:\re\workspace\8-2-build-windows-amd64-cygwin\jdk8u111\7883\hotspot\src\share\vm\classfile\systemDictionary.cpp, line 210]
Event: 0.432 Thread 0x0000000000bbd800 Exception <a 'java/lang/ClassNotFoundException': ToggleButton> (0x00000000ebf707f0) thrown at [C:\re\workspace\8-2-build-windows-amd64-cygwin\jdk8u111\7883\hotspot\src\share\vm\classfile\systemDictionary.cpp, line 210]
Event: 0.432 Thread 0x0000000000bbd800 Exception <a 'java/lang/ClassNotFoundException': javax/swing/JToolBarSeparator> (0x00000000ebf70c50) thrown at [C:\re\workspace\8-2-build-windows-amd64-cygwin\jdk8u111\7883\hotspot\src\share\vm\classfile\systemDictionary.cpp, line 210]
Event: 0.432 Thread 0x0000000000bbd800 Exception <a 'java/lang/ClassNotFoundException': ToolBarSeparator> (0x00000000ebf710e8) thrown at [C:\re\workspace\8-2-build-windows-amd64-cygwin\jdk8u111\7883\hotspot\src\share\vm\classfile\systemDictionary.cpp, line 210]
Event: 0.432 Thread 0x0000000000bbd800 Exception <a 'java/lang/ClassNotFoundException': ToolTip> (0x00000000ebf71828) thrown at [C:\re\workspace\8-2-build-windows-amd64-cygwin\jdk8u111\7883\hotspot\src\share\vm\classfile\systemDictionary.cpp, line 210]
Event: 0.434 Thread 0x0000000000bbd800 Exception <a 'java/lang/ClassNotFoundException': Tree> (0x00000000ebf72448) thrown at [C:\re\workspace\8-2-build-windows-amd64-cygwin\jdk8u111\7883\hotspot\src\share\vm\classfile\systemDictionary.cpp, line 210]
Event: 0.434 Thread 0x0000000000bbd800 Exception <a 'java/lang/ClassNotFoundException': Tree> (0x00000000ebf72b88) thrown at [C:\re\workspace\8-2-build-windows-amd64-cygwin\jdk8u111\7883\hotspot\src\share\vm\classfile\systemDictionary.cpp, line 210]
Event: 0.434 Thread 0x0000000000bbd800 Exception <a 'java/lang/ClassNotFoundException': javax/swing/JTreeCell> (0x00000000ebf72f08) thrown at [C:\re\workspace\8-2-build-windows-amd64-cygwin\jdk8u111\7883\hotspot\src\share\vm\classfile\systemDictionary.cpp, line 210]
Event: 0.434 Thread 0x0000000000bbd800 Exception <a 'java/lang/ClassNotFoundException': TreeCell> (0x00000000ebf73390) thrown at [C:\re\workspace\8-2-build-windows-amd64-cygwin\jdk8u111\7883\hotspot\src\share\vm\classfile\systemDictionary.cpp, line 210]
Event: 0.434 Thread 0x0000000000bbd800 Exception <a 'java/lang/ClassNotFoundException': RootPane> (0x00000000ebf73df0) thrown at [C:\re\workspace\8-2-build-windows-amd64-cygwin\jdk8u111\7883\hotspot\src\share\vm\classfile\systemDictionary.cpp, line 210]

Events (10 events):
Event: 6.137 loading class com/googlecode/javacv/cpp/opencv_contrib$CvFuzzyFunction
Event: 6.137 loading class com/googlecode/javacv/cpp/opencv_contrib$CvFuzzyFunction done
Event: 6.137 loading class com/googlecode/javacv/cpp/opencv_contrib$CvFuzzyPoint
Event: 6.137 loading class com/googlecode/javacv/cpp/opencv_contrib$CvFuzzyPoint done
Event: 6.138 loading class com/googlecode/javacv/cpp/opencv_contrib$CvAdaptiveSkinDetector
Event: 6.138 loading class com/googlecode/javacv/cpp/opencv_contrib$CvAdaptiveSkinDetector done
Event: 6.138 loading class com/googlecode/javacv/cpp/opencv_contrib$FaceRecognizer
Event: 6.138 loading class com/googlecode/javacv/cpp/opencv_contrib$FaceRecognizer done
Event: 6.168 loading class com/googlecode/javacv/cpp/opencv_contrib$DetectionBasedTracker
Event: 6.168 loading class com/googlecode/javacv/cpp/opencv_contrib$DetectionBasedTracker done


Dynamic libraries:
0x00007ff730150000 - 0x00007ff730187000 	C:\Program Files\Java\jdk1.8.0_111\bin\java.exe
0x00007fff60190000 - 0x00007fff60352000 	C:\Windows\SYSTEM32\ntdll.dll
0x00007fff60030000 - 0x00007fff600dd000 	C:\Windows\system32\KERNEL32.DLL
0x00007fff5cdb0000 - 0x00007fff5cf8d000 	C:\Windows\system32\KERNELBASE.dll
0x00007fff5f310000 - 0x00007fff5f3b6000 	C:\Windows\system32\ADVAPI32.dll
0x00007fff5f990000 - 0x00007fff5fa2d000 	C:\Windows\system32\msvcrt.dll
0x00007fff5f3e0000 - 0x00007fff5f43b000 	C:\Windows\system32\sechost.dll
0x00007fff5f1e0000 - 0x00007fff5f306000 	C:\Windows\system32\RPCRT4.dll
0x00007fff5fe70000 - 0x00007fff5ffbe000 	C:\Windows\system32\USER32.dll
0x00007fff5f6c0000 - 0x00007fff5f843000 	C:\Windows\system32\GDI32.dll
0x00007fff515c0000 - 0x00007fff51834000 	C:\Windows\WinSxS\amd64_microsoft.windows.common-controls_6595b64144ccf1df_6.0.10240.17184_none_f41d7a705752bce6\COMCTL32.dll
0x00007fff5f850000 - 0x00007fff5f886000 	C:\Windows\system32\IMM32.DLL
0x00007fff5d850000 - 0x00007fff5d9ac000 	C:\Windows\system32\MSCTF.dll
0x000000006da30000 - 0x000000006db02000 	C:\Program Files\Java\jdk1.8.0_111\jre\bin\msvcr100.dll
0x000000006db10000 - 0x000000006e3aa000 	C:\Program Files\Java\jdk1.8.0_111\jre\bin\server\jvm.dll
0x00007fff5f3d0000 - 0x00007fff5f3d8000 	C:\Windows\system32\PSAPI.DLL
0x00007fff55010000 - 0x00007fff5501a000 	C:\Windows\SYSTEM32\VERSION.dll
0x00007fff54cc0000 - 0x00007fff54cc9000 	C:\Windows\SYSTEM32\WSOCK32.dll
0x00007fff5ab50000 - 0x00007fff5ab73000 	C:\Windows\SYSTEM32\WINMM.dll
0x00007fff5dc40000 - 0x00007fff5dca9000 	C:\Windows\system32\WS2_32.dll
0x00007fff5f980000 - 0x00007fff5f988000 	C:\Windows\system32\NSI.dll
0x00007fff5a870000 - 0x00007fff5a89c000 	C:\Windows\SYSTEM32\WINMMBASE.dll
0x00007fff5ccb0000 - 0x00007fff5ccf4000 	C:\Windows\system32\cfgmgr32.dll
0x00007fff5b530000 - 0x00007fff5b557000 	C:\Windows\SYSTEM32\DEVOBJ.dll
0x000000006d9e0000 - 0x000000006d9ef000 	C:\Program Files\Java\jdk1.8.0_111\jre\bin\verify.dll
0x000000006d9b0000 - 0x000000006d9d9000 	C:\Program Files\Java\jdk1.8.0_111\jre\bin\java.dll
0x000000006d990000 - 0x000000006d9a6000 	C:\Program Files\Java\jdk1.8.0_111\jre\bin\zip.dll
0x00007fff5dcb0000 - 0x00007fff5f1d3000 	C:\Windows\system32\SHELL32.dll
0x00007fff5cf90000 - 0x00007fff5d5b9000 	C:\Windows\system32\windows.storage.dll
0x00007fff5f440000 - 0x00007fff5f6bc000 	C:\Windows\system32\combase.dll
0x00007fff5fe10000 - 0x00007fff5fe61000 	C:\Windows\system32\shlwapi.dll
0x00007fff5cbb0000 - 0x00007fff5cbbf000 	C:\Windows\system32\kernel.appcore.dll
0x00007fff5d790000 - 0x00007fff5d843000 	C:\Windows\system32\shcore.dll
0x00007fff5cbe0000 - 0x00007fff5cc2a000 	C:\Windows\system32\powrprof.dll
0x00007fff5cbc0000 - 0x00007fff5cbd3000 	C:\Windows\system32\profapi.dll
0x000000006d7b0000 - 0x000000006d948000 	C:\Program Files\Java\jdk1.8.0_111\jre\bin\awt.dll
0x00007fff5f8b0000 - 0x00007fff5f972000 	C:\Windows\system32\OLEAUT32.dll
0x00007fff5b200000 - 0x00007fff5b278000 	C:\Windows\system32\apphelp.dll
0x00007fff36f80000 - 0x00007fff39c12000 	C:\opencv\build\java\x64\opencv_java340.dll
0x00007fff5d9b0000 - 0x00007fff5daf1000 	C:\Windows\system32\ole32.dll
0x00007fff51e20000 - 0x00007fff51e38000 	C:\Windows\SYSTEM32\AVICAP32.dll
0x00007fff5db60000 - 0x00007fff5dc37000 	C:\Windows\system32\COMDLG32.dll
0x00007fff50b20000 - 0x00007fff50b40000 	C:\Windows\SYSTEM32\AVIFIL32.dll
0x00007fff4ffb0000 - 0x00007fff4ffd9000 	C:\Windows\SYSTEM32\MSVFW32.dll
0x00007fff55570000 - 0x00007fff5558c000 	C:\Windows\SYSTEM32\MSACM32.dll
0x00007fff5b3e0000 - 0x00007fff5b476000 	C:\Windows\system32\uxtheme.dll
0x00007fff5abb0000 - 0x00007fff5abd2000 	C:\Windows\system32\dwmapi.dll
0x00007fff5ca00000 - 0x00007fff5ca6b000 	C:\Windows\SYSTEM32\bcryptPrimitives.dll
0x000000006d760000 - 0x000000006d7a7000 	C:\Program Files\Java\jdk1.8.0_111\jre\bin\fontmanager.dll
0x000000006d970000 - 0x000000006d98a000 	C:\Program Files\Java\jdk1.8.0_111\jre\bin\net.dll
0x00007fff5c420000 - 0x00007fff5c47d000 	C:\Windows\system32\mswsock.dll
0x000000006d950000 - 0x000000006d961000 	C:\Program Files\Java\jdk1.8.0_111\jre\bin\nio.dll
0x000000006d710000 - 0x000000006d752000 	C:\Program Files\Java\jdk1.8.0_111\jre\bin\t2k.dll
0x000000006af00000 - 0x000000006af2a000 	C:\Program Files\Java\jdk1.8.0_111\jre\bin\dcpr.dll
0x000000006ac20000 - 0x000000006acf1000 	C:\Users\SuperNatural\AppData\Local\Temp\javacpp26349959856697\msvcr100.dll
0x000000006ab80000 - 0x000000006ac18000 	C:\Users\SuperNatural\AppData\Local\Temp\javacpp26349959856697\msvcp100.dll
0x00007fff36af0000 - 0x00007fff36d62000 	C:\Users\SuperNatural\AppData\Local\Temp\javacpp26349959856697\opencv_core248.dll
0x00007fff44f90000 - 0x00007fff4502a000 	C:\Users\SuperNatural\AppData\Local\Temp\javacpp26349959856697\jniopencv_core.dll
0x0000000066840000 - 0x00000000676b4000 	C:\Users\SuperNatural\AppData\Local\Temp\javacpp26349959856697\opencv_ffmpeg248_64.dll
0x00007fff36830000 - 0x00007fff36ae2000 	C:\Users\SuperNatural\AppData\Local\Temp\javacpp26349959856697\opencv_imgproc248.dll
0x00007fff3b080000 - 0x00007fff3b2cd000 	C:\Users\SuperNatural\AppData\Local\Temp\javacpp26349959856697\opencv_highgui248.dll
0x00007fff4ff90000 - 0x00007fff4ffa3000 	C:\Users\SuperNatural\AppData\Local\Temp\javacpp26349959856697\jniopencv_highgui.dll
0x00007fff45850000 - 0x00007fff4589d000 	C:\Users\SuperNatural\AppData\Local\Temp\javacpp26349959856697\jniopencv_imgproc.dll
0x00007fff44ef0000 - 0x00007fff44f89000 	C:\Users\SuperNatural\AppData\Local\Temp\javacpp26349959856697\opencv_flann248.dll
0x00007fff43f40000 - 0x00007fff44017000 	C:\Users\SuperNatural\AppData\Local\Temp\javacpp26349959856697\opencv_features2d248.dll
0x00007fff39da0000 - 0x00007fff39e8b000 	C:\Users\SuperNatural\AppData\Local\Temp\javacpp26349959856697\opencv_calib3d248.dll
0x00007fff36760000 - 0x00007fff3682a000 	C:\Users\SuperNatural\AppData\Local\Temp\javacpp26349959856697\opencv_objdetect248.dll
0x00007fff449d0000 - 0x00007fff44a3f000 	C:\Users\SuperNatural\AppData\Local\Temp\javacpp26349959856697\opencv_video248.dll
0x00007fff43aa0000 - 0x00007fff43b34000 	C:\Users\SuperNatural\AppData\Local\Temp\javacpp26349959856697\opencv_ml248.dll
0x00007fff36610000 - 0x00007fff3675c000 	C:\Users\SuperNatural\AppData\Local\Temp\javacpp26349959856697\opencv_contrib248.dll
0x00007fff39d40000 - 0x00007fff39d96000 	C:\Users\SuperNatural\AppData\Local\Temp\javacpp26349959856697\jniopencv_contrib.dll
0x00007fff45de0000 - 0x00007fff45f6a000 	C:\Windows\SYSTEM32\dbghelp.dll

VM Arguments:
jvm_args: -Dfile.encoding=UTF-8 -Djava.library.path=C:\opencv\build\java\x64 
java_command: demo.View
java_class_path (initial): C:\opencv\build\java\opencv-340.jar;C:\Program Files\NetBeans 8.2\ide\modules\ext\mysql-connector-java-5.1.23-bin.jar;C:\javacv-0.7-bin\javacv-bin\javacpp.jar;C:\javacv-0.7-bin\javacv-bin\javacv-windows-x86_64.jar;C:\javacv-0.7-bin\javacv-bin\javacv.jar;C:\javacv-0.7-cppjars\javacv-cppjars\ffmpeg-2.1.1-windows-x86_64.jar;C:\javacv-0.7-cppjars\javacv-cppjars\opencv-2.4.8-windows-x86_64.jar;D:\Facerecongnizer\Demo\build\classes
Launcher Type: SUN_STANDARD

Environment Variables:
JAVA_HOME=C:\Program Files\Java\jdk1.8.0_111
CLASSPATH=C:\Windows\System32;
PATH=C:\ProgramData\Oracle\Java\javapath;C:\Windows\system32;C:\Windows;C:\Windows\System32\Wbem;C:\Windows\System32\WindowsPowerShell\v1.0\;C:\Program Files (x86)\Brackets\command;C:\Program Files\Microsoft SQL Server\130\Tools\Binn\;C:\Program Files\dotnet\;C:\Program Files\Java\jdk1.8.0_111\bin;C:\opencv\build\x64\vc14\bin;C:\Users\SuperNatural\AppData\Local\Programs\Python\Python37\Scripts\;C:\Users\SuperNatural\AppData\Local\Programs\Python\Python37\
USERNAME=SuperNatural
OS=Windows_NT
PROCESSOR_IDENTIFIER=Intel64 Family 6 Model 37 Stepping 2, GenuineIntel



---------------  S Y S T E M  ---------------

OS: Windows 10.0 , 64 bit Build 10240 (10.0.10240.17113)

CPU:total 4 (2 cores per cpu, 2 threads per core) family 6 model 37 stepping 2, cmov, cx8, fxsr, mmx, sse, sse2, sse3, ssse3, sse4.1, sse4.2, popcnt, aes, clmul, ht, tsc, tscinvbit

Memory: 4k page, physical 3985064k(712632k free), swap 5813032k(1081036k free)

vm_info: Java HotSpot(TM) 64-Bit Server VM (25.111-b14) for windows-amd64 JRE (1.8.0_111-b14), built on Sep 22 2016 19:24:05 by "java_re" with MS VC++ 10.0 (VS2010)

time: Mon Jan 15 15:12:59 2018
elapsed time: 6 seconds (0d 0h 0m 6s)

